c:\users\aaron\source\cpp\adventure\character\char\character.cpp\character.cpp\x64\debug\vc143.pdb
c:\users\aaron\source\cpp\adventure\character\char\character.cpp\character.cpp\x64\debug\vc143.idb
c:\users\aaron\source\cpp\adventure\character\char\character.cpp\character.cpp\x64\debug\sqlconn.obj
c:\users\aaron\source\cpp\adventure\character\char\character.cpp\character.cpp\x64\debug\player.obj
c:\users\aaron\source\cpp\adventure\character\char\character.cpp\character.cpp\x64\debug\main.obj
c:\users\aaron\source\cpp\adventure\character\char\character.cpp\character.cpp\x64\debug\localstorage.obj
c:\users\aaron\source\cpp\adventure\character\char\character.cpp\character.cpp\x64\debug\game.obj
c:\users\aaron\source\cpp\adventure\character\char\character.cpp\character.cpp\x64\debug\enemy.obj
c:\users\aaron\source\cpp\adventure\character\char\character.cpp\character.cpp\x64\debug\consolechange.obj
c:\users\aaron\source\cpp\adventure\character\char\character.cpp\character.cpp\x64\debug\character.obj
c:\users\aaron\source\cpp\adventure\character\char\character.cpp\x64\debug\character.cpp.exe
c:\users\aaron\source\cpp\adventure\character\char\character.cpp\character.cpp\x64\debug\character.cpp.ilk
c:\users\aaron\source\cpp\adventure\character\char\character.cpp\x64\debug\character.cpp.pdb
c:\users\aaron\source\cpp\adventure\character\char\character.cpp\character.cpp\x64\debug\game.obj.enc
c:\users\aaron\source\cpp\adventure\character\char\character.cpp\character.cpp\x64\debug\sqlconn.obj.enc
c:\users\aaron\source\cpp\adventure\character\char\character.cpp\character.cpp\x64\debug\character.cpp.tlog\cl.command.1.tlog
c:\users\aaron\source\cpp\adventure\character\char\character.cpp\character.cpp\x64\debug\character.cpp.tlog\cl.items.tlog
c:\users\aaron\source\cpp\adventure\character\char\character.cpp\character.cpp\x64\debug\character.cpp.tlog\cl.read.1.tlog
c:\users\aaron\source\cpp\adventure\character\char\character.cpp\character.cpp\x64\debug\character.cpp.tlog\cl.write.1.tlog
c:\users\aaron\source\cpp\adventure\character\char\character.cpp\character.cpp\x64\debug\character.cpp.tlog\link.command.1.tlog
c:\users\aaron\source\cpp\adventure\character\char\character.cpp\character.cpp\x64\debug\character.cpp.tlog\link.read.1.tlog
c:\users\aaron\source\cpp\adventure\character\char\character.cpp\character.cpp\x64\debug\character.cpp.tlog\link.write.1.tlog
